<?xml version="1.0" encoding="UTF-8"?>
<testng-results ignored="0" total="1" passed="1" failed="0" skipped="0">
  <reporter-output>
  </reporter-output>
  <suite started-at="2024-06-13T10:33:24 IST" name="Default suite" finished-at="2024-06-13T10:34:42 IST" duration-ms="77081">
    <groups>
    </groups>
    <test started-at="2024-06-13T10:33:24 IST" name="Default test" finished-at="2024-06-13T10:34:42 IST" duration-ms="77081">
      <class name="com.cpnc.CPnC.Driver">
        <test-method signature="login()[pri:0, instance:com.cpnc.CPnC.Driver@73700b80]" started-at="2024-06-13T10:33:24 IST" name="login" finished-at="2024-06-13T10:34:41 IST" duration-ms="76995" status="PASS">
          <reporter-output>
          </reporter-output>
        </test-method> <!-- login -->
      </class> <!-- com.cpnc.CPnC.Driver -->
    </test> <!-- Default test -->
  </suite> <!-- Default suite -->
</testng-results>
