<?xml version="1.0" encoding="UTF-8"?>
<testng-results ignored="0" total="2" passed="2" failed="0" skipped="0">
  <reporter-output>
  </reporter-output>
  <suite started-at="2024-06-18T19:21:58 IST" name="Suite" finished-at="2024-06-18T19:23:42 IST" duration-ms="104468">
    <groups>
    </groups>
    <test started-at="2024-06-18T19:21:58 IST" name="Test" finished-at="2024-06-18T19:23:42 IST" duration-ms="104468">
      <class name="com.cpnc.CPnC.Driver">
        <test-method signature="login(int)[pri:0, instance:com.cpnc.CPnC.Driver@130e116b]" started-at="2024-06-18T19:21:58 IST" name="login" data-provider="runTime" finished-at="2024-06-18T19:22:50 IST" duration-ms="52604" status="PASS">
          <params>
            <param index="0">
              <value>
                <![CDATA[0]]>
              </value>
            </param>
          </params>
          <reporter-output>
          </reporter-output>
        </test-method> <!-- login -->
        <test-method signature="login(int)[pri:0, instance:com.cpnc.CPnC.Driver@130e116b]" started-at="2024-06-18T19:22:50 IST" name="login" data-provider="runTime" finished-at="2024-06-18T19:23:42 IST" duration-ms="51812" status="PASS">
          <params>
            <param index="0">
              <value>
                <![CDATA[1]]>
              </value>
            </param>
          </params>
          <reporter-output>
          </reporter-output>
        </test-method> <!-- login -->
      </class> <!-- com.cpnc.CPnC.Driver -->
    </test> <!-- Test -->
  </suite> <!-- Suite -->
</testng-results>
