<?xml version="1.0" encoding="UTF-8"?>
<testng-results ignored="0" total="1" passed="1" failed="0" skipped="0">
  <reporter-output>
  </reporter-output>
  <suite started-at="2024-04-18T18:46:03 IST" name="Default suite" finished-at="2024-04-18T18:47:28 IST" duration-ms="84395">
    <groups>
    </groups>
    <test started-at="2024-04-18T18:46:03 IST" name="Default test" finished-at="2024-04-18T18:47:28 IST" duration-ms="84395">
      <class name="Testcase">
        <test-method signature="uploadFile()[pri:0, instance:Testcase@fa49800]" started-at="2024-04-18T18:46:03 IST" name="uploadFile" finished-at="2024-04-18T18:47:27 IST" duration-ms="84299" status="PASS">
          <reporter-output>
          </reporter-output>
        </test-method> <!-- uploadFile -->
      </class> <!-- Testcase -->
    </test> <!-- Default test -->
  </suite> <!-- Default suite -->
</testng-results>
