<?xml version="1.0" encoding="UTF-8"?>
<testng-results ignored="0" total="2" passed="2" failed="0" skipped="0">
  <reporter-output>
  </reporter-output>
  <suite started-at="2024-04-15T18:41:59 IST" name="Default suite" finished-at="2024-04-15T18:43:58 IST" duration-ms="118217">
    <groups>
    </groups>
    <test started-at="2024-04-15T18:41:59 IST" name="Default test" finished-at="2024-04-15T18:43:58 IST" duration-ms="118217">
      <class name="Test.Main">
        <test-method signature="main()[pri:0, instance:Test.Main@1ffaf86]" started-at="2024-04-15T18:41:59 IST" name="main" finished-at="2024-04-15T18:43:57 IST" duration-ms="117996" status="PASS">
          <reporter-output>
          </reporter-output>
        </test-method> <!-- main -->
        <test-method signature="print()[pri:0, instance:Test.Main@1ffaf86]" started-at="2024-04-15T18:43:58 IST" name="print" finished-at="2024-04-15T18:43:58 IST" duration-ms="1" status="PASS">
          <reporter-output>
          </reporter-output>
        </test-method> <!-- print -->
      </class> <!-- Test.Main -->
    </test> <!-- Default test -->
  </suite> <!-- Default suite -->
</testng-results>
