<?xml version="1.0" encoding="UTF-8"?>
<testng-results ignored="0" total="2" passed="2" failed="0" skipped="0">
  <reporter-output>
  </reporter-output>
  <suite started-at="2024-02-22T15:40:25 IST" name="Suite" finished-at="2024-02-22T15:40:44 IST" duration-ms="18893">
    <groups>
    </groups>
    <test started-at="2024-02-22T15:40:25 IST" name="Test" finished-at="2024-02-22T15:40:44 IST" duration-ms="18893">
      <class name="Test.Main">
        <test-method signature="main()[pri:0, instance:Test.Main@50d13246]" started-at="2024-02-22T15:40:25 IST" name="main" finished-at="2024-02-22T15:40:44 IST" duration-ms="18714" status="PASS">
          <reporter-output>
          </reporter-output>
        </test-method> <!-- main -->
        <test-method signature="print()[pri:0, instance:Test.Main@50d13246]" started-at="2024-02-22T15:40:44 IST" name="print" finished-at="2024-02-22T15:40:44 IST" duration-ms="1" status="PASS">
          <reporter-output>
          </reporter-output>
        </test-method> <!-- print -->
      </class> <!-- Test.Main -->
    </test> <!-- Test -->
  </suite> <!-- Suite -->
</testng-results>
