<?xml version="1.0" encoding="UTF-8"?>
<testng-results ignored="0" total="1" passed="1" failed="0" skipped="0">
  <reporter-output>
  </reporter-output>
  <suite started-at="2024-02-26T19:20:27 IST" name="Default suite" finished-at="2024-02-26T19:21:07 IST" duration-ms="40264">
    <groups>
    </groups>
    <test started-at="2024-02-26T19:20:27 IST" name="Default test" finished-at="2024-02-26T19:21:07 IST" duration-ms="40264">
      <class name="demo.Testing">
        <test-method signature="getLocation()[pri:0, instance:demo.Testing@53ce1329]" started-at="2024-02-26T19:20:27 IST" name="getLocation" finished-at="2024-02-26T19:21:07 IST" duration-ms="40209" status="PASS">
          <reporter-output>
          </reporter-output>
        </test-method> <!-- getLocation -->
      </class> <!-- demo.Testing -->
    </test> <!-- Default test -->
  </suite> <!-- Default suite -->
</testng-results>
