<?xml version="1.0" encoding="UTF-8"?>
<!-- Generated by org.testng.reporters.JUnitXMLReporter -->
<testsuite ignored="0" hostname="D-WA-026" failures="0" tests="5" name="Default test" time="12.352" errors="0" timestamp="2024-06-17T14:01:46 IST">
  <testcase classname="com.cpnc.CPnCAddFeedback.AddFeedback" name="addFeedback" time="4.529"/>
  <testcase classname="com.cpnc.CPnCAddFeedback.AddFeedback" name="addFeedback" time="1.931"/>
  <testcase classname="com.cpnc.CPnCAddFeedback.AddFeedback" name="addFeedback" time="1.927"/>
  <testcase classname="com.cpnc.CPnCAddFeedback.AddFeedback" name="addFeedback" time="1.901"/>
  <testcase classname="com.cpnc.CPnCAddFeedback.AddFeedback" name="addFeedback" time="1.965"/>
</testsuite> <!-- Default test -->
