<?xml version="1.0" encoding="UTF-8"?>
<!-- Generated by org.testng.reporters.JUnitXMLReporter -->
<testsuite ignored="0" hostname="D-WA-026" failures="0" tests="4" name="Test" time="42.876" errors="0" timestamp="2024-02-19T18:24:54 IST">
  <testcase classname="rahulshettyacademyShopping.website.Tests.StandAloneTest" name="submitOrder" time="21.141"/>
  <testcase classname="rahulshettyacademyShopping.website.Tests.StandAloneTest" name="submitOrder" time="7.707"/>
  <testcase classname="rahulshettyacademyShopping.website.Tests.StandAloneTest" name="orderHistry" time="7.749"/>
  <testcase classname="rahulshettyacademyShopping.website.Tests.StandAloneTest" name="orderHistry" time="6.165"/>
</testsuite> <!-- Test -->
