<?xml version="1.0" encoding="UTF-8"?>
<testng-results ignored="0" total="4" passed="4" failed="0" skipped="0">
  <reporter-output>
  </reporter-output>
  <suite started-at="2024-02-19T18:24:11 IST" name="Suite" finished-at="2024-02-19T18:24:54 IST" duration-ms="42876">
    <groups>
      <group name="full test">
        <method signature="StandAloneTest.submitOrder(java.lang.String,java.lang.String,java.lang.String)[pri:0, instance:rahulshettyacademyShopping.website.Tests.StandAloneTest@1cf6d1be]" name="submitOrder" class="rahulshettyacademyShopping.website.Tests.StandAloneTest"/>
        <method signature="StandAloneTest.orderHistry(java.lang.String,java.lang.String,java.lang.String)[pri:0, instance:rahulshettyacademyShopping.website.Tests.StandAloneTest@1cf6d1be]" name="orderHistry" class="rahulshettyacademyShopping.website.Tests.StandAloneTest"/>
      </group> <!-- full test -->
    </groups>
    <test started-at="2024-02-19T18:24:11 IST" name="Test" finished-at="2024-02-19T18:24:54 IST" duration-ms="42876">
      <class name="rahulshettyacademyShopping.website.Tests.StandAloneTest">
        <test-method signature="submitOrder(java.lang.String,java.lang.String,java.lang.String)[pri:0, instance:rahulshettyacademyShopping.website.Tests.StandAloneTest@1cf6d1be]" started-at="2024-02-19T18:24:11 IST" name="submitOrder" data-provider="getData" finished-at="2024-02-19T18:24:32 IST" duration-ms="21141" status="PASS">
          <params>
            <param index="0">
              <value>
                <![CDATA[Pramitkoley@mail.com]]>
              </value>
            </param>
            <param index="1">
              <value>
                <![CDATA[Password@123]]>
              </value>
            </param>
            <param index="2">
              <value>
                <![CDATA[ADIDAS ORIGINAL]]>
              </value>
            </param>
          </params>
          <reporter-output>
          </reporter-output>
        </test-method> <!-- submitOrder -->
        <test-method signature="submitOrder(java.lang.String,java.lang.String,java.lang.String)[pri:0, instance:rahulshettyacademyShopping.website.Tests.StandAloneTest@1cf6d1be]" started-at="2024-02-19T18:24:32 IST" name="submitOrder" data-provider="getData" finished-at="2024-02-19T18:24:40 IST" duration-ms="7707" status="PASS">
          <params>
            <param index="0">
              <value>
                <![CDATA[Password@123]]>
              </value>
            </param>
            <param index="1">
              <value>
                <![CDATA[Pramitkoley@mail.com]]>
              </value>
            </param>
            <param index="2">
              <value>
                <![CDATA[IPHONE 13 PRO]]>
              </value>
            </param>
          </params>
          <reporter-output>
          </reporter-output>
        </test-method> <!-- submitOrder -->
        <test-method signature="orderHistry(java.lang.String,java.lang.String,java.lang.String)[pri:0, instance:rahulshettyacademyShopping.website.Tests.StandAloneTest@1cf6d1be]" started-at="2024-02-19T18:24:40 IST" name="orderHistry" data-provider="getData" finished-at="2024-02-19T18:24:48 IST" depends-on-methods="rahulshettyacademyShopping.website.Tests.StandAloneTest.submitOrder" duration-ms="7749" status="PASS">
          <params>
            <param index="0">
              <value>
                <![CDATA[Pramitkoley@mail.com]]>
              </value>
            </param>
            <param index="1">
              <value>
                <![CDATA[Password@123]]>
              </value>
            </param>
            <param index="2">
              <value>
                <![CDATA[ADIDAS ORIGINAL]]>
              </value>
            </param>
          </params>
          <reporter-output>
          </reporter-output>
        </test-method> <!-- orderHistry -->
        <test-method signature="orderHistry(java.lang.String,java.lang.String,java.lang.String)[pri:0, instance:rahulshettyacademyShopping.website.Tests.StandAloneTest@1cf6d1be]" started-at="2024-02-19T18:24:48 IST" name="orderHistry" data-provider="getData" finished-at="2024-02-19T18:24:54 IST" depends-on-methods="rahulshettyacademyShopping.website.Tests.StandAloneTest.submitOrder" duration-ms="6165" status="PASS">
          <params>
            <param index="0">
              <value>
                <![CDATA[Password@123]]>
              </value>
            </param>
            <param index="1">
              <value>
                <![CDATA[Pramitkoley@mail.com]]>
              </value>
            </param>
            <param index="2">
              <value>
                <![CDATA[IPHONE 13 PRO]]>
              </value>
            </param>
          </params>
          <reporter-output>
          </reporter-output>
        </test-method> <!-- orderHistry -->
      </class> <!-- rahulshettyacademyShopping.website.Tests.StandAloneTest -->
    </test> <!-- Test -->
  </suite> <!-- Suite -->
</testng-results>
